2024-10-09 07:58:24,606 - INFO - app_logger - Активация сервисов.
2024-10-09 07:58:24,606 - INFO - app_logger - Старт цикла
2024-10-09 07:58:24,609 - ERROR - app_logger - error connection failed: FATAL:  database "theatre" does not exist
2024-10-09 07:58:27,072 - INFO - app_logger - Активация сервисов.
2024-10-09 07:58:27,072 - INFO - app_logger - Старт цикла
2024-10-09 07:58:27,390 - ERROR - app_logger - Ошибка при извлечении данных: syntax error at or near "'{a5a8f573-3cee-4ccc-8a2b-91cb9f55250a,26e83050-29ef-4163-a99d-b546cac208f8,5b4bf1bc-3397-4e83-9b17-8b10c6544ed1,b5d2b63a-ed1f-4e46-8320-cf52a32be358,e039eedf-4daf-452a-bf92-a0085c68e156,1989ed1e-0c0b-4872-9dfb-f5ed13c764e2,ed149438-4d76-45c9-861b-d3ed48ccbf0c,3217bc91-bcfc-44eb-a609-82d228115c50,efdd1787-8871-4aa9-b1d7-f68e55b913ed,3214cf58-8dbf-40ab-9185-77213933507e,a1758395-9578-41af-88b8-3f9456e6d938,cec00f0e-200b-4b48-9ed1-2f8fc3c67427,2d6f6284-13ce-4d25-9453-c4335432c116,979996d5-ef97-427d-a0f5-d640cd1813a4,39abe5bd-33b3-44e8-8c12-2e360e2fa621,69b02c62-a329-414d-83c6-ca54be34de24,c777f646-dae0-466f-867a-bc535a0b021b,62df10e8-244d-4c31-b396-564dfbc2f9c5,7214e401-bb43-4da2-9e7a-cd6ca31ee8ca,8c220eeb-8022-44d5-8435-1f8edf258ac7,ef1e2ad4-df4f-4fe0-8fa9-b8db690c4a19,9b58c99a-e5a3-4f24-8f67-a038665758d6,82b7dffe-6254-4598-b6ef-5be747193946,6960e2ca-889f-41f5-b728-1e7313e54d6c,9f38323f-5912-40d2-a90c-b56899746f2a,8a34f121-7ce6-4021-b467-abec993fc6cd,5a3d0299-2df2-4070-9fda-65ff4dfa863c,959d148c-022b-427f-a68b-bbe58674fe65,b66db341-5dcd-4aaf-b536-050b59979357,7026c3f4-d7b8-414a-99d5-06de1788a0ee,189f1d17-c928-492a-aa33-2212b5ad1555,06d3686f-56e0-40df-81ea-af95a203b58a,6d9a226f-85ca-4270-9f26-7d1b1cc7b444,5bd4381f-5763-474f-baa0-f7f62a0819f9,e0dd7338-b686-465c-93da-c9b2c57d46bb,ccb3418a-d3e2-4878-a355-6f720211f39f,ac44d92b-7de3-4274-908f-0173e6ba310b,c59c5caf-5ca9-430e-bde5-f5141de25cb6,6e2f9652-460b-4c6a-b527-5c05b40965fe,dbac6947-e620-4f92-b6a1-dae9a3b07422,4a416628-4a36-431c-9121-513674dae840,afa7c253-6702-47d7-a451-cf2bc9350310,cdf3ace6-802d-4620-b875-809e6318a493,26e020b4-98d9-4c78-b85a-0570eb19d9bc,5623ae85-91ff-44f1-b46d-21c9d1d0d7f6,5c360057-c51f-4376-bdf5-049b87fa853b,39276c87-27ec-42f3-a573-e0184fc463a7,dd0d82d8-1c95-4bb9-b9c6-d707773aa4db,7fb9ae3d-aeac-40a9-aa25-cd6992be16a6,2b0f84fb-416b-4c30-80db-69478bf872be,f24f3fa4-2e42-4dde-be8c-2aba541a593b,e31f6518-6f0a-4738-a224-211eb4150e13,5ac68e18-a84c-4a98-a2ba-85d1bc85e0a4,e259d88e-b693-436a-9fed-a10204b8fd91,77789b44-e734-4fa6-91e8-212a09fa4a32,e52627f7-a659-476a-b415-e58e6bebe824,fe2b0699-b5ac-437a-9a69-e747b11eb641,33eb3b88-69f2-4f38-a26d-ff32f1feb1a1,a2c091a2-281e-4732-9357-79b213d8d92f,ce06e6d7-600b-4829-badf-5d02c61f1a92,c69da9bd-eb87-4a06-be70-95d4ee2da1cc,01377f6d-9767-48ce-9e37-3c81f8a3c739,7a852205-2bf6-4b75-b3b2-8a46ed6e91ef,8856053e-8a4f-42e1-bb27-6ab8fd664518,2cf03687-ebc3-47dc-a99f-602f6cc55f7a,698522c6-f8e9-403a-8922-9d320dec5753,5bddea2c-8609-499a-a444-77e0142743c0,88a99b4d-4d06-4754-b06c-93217cf53244,d67d5cb8-4541-4b20-89be-4100ba95e615,382da5d5-135b-4b02-a069-ba9beb5f3786,57a471b1-09dc-48fd-ba8a-1211015a0110,972c86a5-16f4-432b-b9b3-54965291ddb0,fc9f27d2-aaee-46e6-b263-40ec8d2dd355,c883c2c6-d7a4-4001-8084-e2851904e91a,58411ec0-c40a-43da-95e3-0adc74b7e7f6,24b5b1fb-9931-4964-a0d2-ce664c00c1d5,9758b894-57d7-465d-b657-c5803dd5b7f7,836bb95b-6db8-4418-a110-f41663b1c025,807ce9c3-6294-485c-803a-1975066f239f,035c4793-4864-45b8-8d4f-b86b454c60b0,b670fa3e-9f7b-4786-a00c-09d95f1e7b5c,bd2a8ab8-a7bc-45cf-852b-d23cb1cf4b5d,43bb73ff-0f0e-4169-b708-32a77dc1c50e,3f123595-ecfb-4740-a1c5-ceab9fc21c23,861a3116-7f75-4b7c-b1a1-5efd4936589c,7dd18bd5-6748-4f6d-8919-c4eb5d660632,207c28f1-2d25-4f6c-b3d2-1ba2a18c51de,317ba074-e7bf-4c7a-a6e3-da71b1e7cbf2,74b4cc18-9fb3-4796-b718-2d0fa4f84fb4,7caea3e2-194c-4876-be8f-60b1a4743d21,09ea7635-dfee-4722-ad40-23c93ef03644,a37e91d0-3c82-43f3-8517-68699ee134d6,1f6ad693-a134-44f1-a0a6-71e4c0dec31a,a76a7d73-4c57-49b8-a7e8-1c5c1e3452fb,d67afc96-b9ed-4c91-9507-ffc2018c58d7,59674337-e77d-422b-967c-aa01017af7c3,b5fa51d6-4753-4b64-819c-2de16af5c057,1749841f-0569-49bb-96ce-3f9dd51b42e2,e3a8bf89-10a9-404a-8cd8-ea249c0a654e,7f100195-5faf-4746-8a2b-df2a3e57cc8b}'"
LINE 5:             WHERE pfw.person_id IN '{a5a8f573-3cee-4ccc-8a2b...
                                           ^
2024-10-09 07:58:29,663 - INFO - app_logger - Активация сервисов.
2024-10-09 07:58:29,663 - INFO - app_logger - Старт цикла
2024-10-09 07:58:29,983 - ERROR - app_logger - Ошибка при извлечении данных: syntax error at or near "'{a5a8f573-3cee-4ccc-8a2b-91cb9f55250a,26e83050-29ef-4163-a99d-b546cac208f8,5b4bf1bc-3397-4e83-9b17-8b10c6544ed1,b5d2b63a-ed1f-4e46-8320-cf52a32be358,e039eedf-4daf-452a-bf92-a0085c68e156,1989ed1e-0c0b-4872-9dfb-f5ed13c764e2,ed149438-4d76-45c9-861b-d3ed48ccbf0c,3217bc91-bcfc-44eb-a609-82d228115c50,efdd1787-8871-4aa9-b1d7-f68e55b913ed,3214cf58-8dbf-40ab-9185-77213933507e,a1758395-9578-41af-88b8-3f9456e6d938,cec00f0e-200b-4b48-9ed1-2f8fc3c67427,2d6f6284-13ce-4d25-9453-c4335432c116,979996d5-ef97-427d-a0f5-d640cd1813a4,39abe5bd-33b3-44e8-8c12-2e360e2fa621,69b02c62-a329-414d-83c6-ca54be34de24,c777f646-dae0-466f-867a-bc535a0b021b,62df10e8-244d-4c31-b396-564dfbc2f9c5,7214e401-bb43-4da2-9e7a-cd6ca31ee8ca,8c220eeb-8022-44d5-8435-1f8edf258ac7,ef1e2ad4-df4f-4fe0-8fa9-b8db690c4a19,9b58c99a-e5a3-4f24-8f67-a038665758d6,82b7dffe-6254-4598-b6ef-5be747193946,6960e2ca-889f-41f5-b728-1e7313e54d6c,9f38323f-5912-40d2-a90c-b56899746f2a,8a34f121-7ce6-4021-b467-abec993fc6cd,5a3d0299-2df2-4070-9fda-65ff4dfa863c,959d148c-022b-427f-a68b-bbe58674fe65,b66db341-5dcd-4aaf-b536-050b59979357,7026c3f4-d7b8-414a-99d5-06de1788a0ee,189f1d17-c928-492a-aa33-2212b5ad1555,06d3686f-56e0-40df-81ea-af95a203b58a,6d9a226f-85ca-4270-9f26-7d1b1cc7b444,5bd4381f-5763-474f-baa0-f7f62a0819f9,e0dd7338-b686-465c-93da-c9b2c57d46bb,ccb3418a-d3e2-4878-a355-6f720211f39f,ac44d92b-7de3-4274-908f-0173e6ba310b,c59c5caf-5ca9-430e-bde5-f5141de25cb6,6e2f9652-460b-4c6a-b527-5c05b40965fe,dbac6947-e620-4f92-b6a1-dae9a3b07422,4a416628-4a36-431c-9121-513674dae840,afa7c253-6702-47d7-a451-cf2bc9350310,cdf3ace6-802d-4620-b875-809e6318a493,26e020b4-98d9-4c78-b85a-0570eb19d9bc,5623ae85-91ff-44f1-b46d-21c9d1d0d7f6,5c360057-c51f-4376-bdf5-049b87fa853b,39276c87-27ec-42f3-a573-e0184fc463a7,dd0d82d8-1c95-4bb9-b9c6-d707773aa4db,7fb9ae3d-aeac-40a9-aa25-cd6992be16a6,2b0f84fb-416b-4c30-80db-69478bf872be,f24f3fa4-2e42-4dde-be8c-2aba541a593b,e31f6518-6f0a-4738-a224-211eb4150e13,5ac68e18-a84c-4a98-a2ba-85d1bc85e0a4,e259d88e-b693-436a-9fed-a10204b8fd91,77789b44-e734-4fa6-91e8-212a09fa4a32,e52627f7-a659-476a-b415-e58e6bebe824,fe2b0699-b5ac-437a-9a69-e747b11eb641,33eb3b88-69f2-4f38-a26d-ff32f1feb1a1,a2c091a2-281e-4732-9357-79b213d8d92f,ce06e6d7-600b-4829-badf-5d02c61f1a92,c69da9bd-eb87-4a06-be70-95d4ee2da1cc,01377f6d-9767-48ce-9e37-3c81f8a3c739,7a852205-2bf6-4b75-b3b2-8a46ed6e91ef,8856053e-8a4f-42e1-bb27-6ab8fd664518,2cf03687-ebc3-47dc-a99f-602f6cc55f7a,698522c6-f8e9-403a-8922-9d320dec5753,5bddea2c-8609-499a-a444-77e0142743c0,88a99b4d-4d06-4754-b06c-93217cf53244,d67d5cb8-4541-4b20-89be-4100ba95e615,382da5d5-135b-4b02-a069-ba9beb5f3786,57a471b1-09dc-48fd-ba8a-1211015a0110,972c86a5-16f4-432b-b9b3-54965291ddb0,fc9f27d2-aaee-46e6-b263-40ec8d2dd355,c883c2c6-d7a4-4001-8084-e2851904e91a,58411ec0-c40a-43da-95e3-0adc74b7e7f6,24b5b1fb-9931-4964-a0d2-ce664c00c1d5,9758b894-57d7-465d-b657-c5803dd5b7f7,836bb95b-6db8-4418-a110-f41663b1c025,807ce9c3-6294-485c-803a-1975066f239f,035c4793-4864-45b8-8d4f-b86b454c60b0,b670fa3e-9f7b-4786-a00c-09d95f1e7b5c,bd2a8ab8-a7bc-45cf-852b-d23cb1cf4b5d,43bb73ff-0f0e-4169-b708-32a77dc1c50e,3f123595-ecfb-4740-a1c5-ceab9fc21c23,861a3116-7f75-4b7c-b1a1-5efd4936589c,7dd18bd5-6748-4f6d-8919-c4eb5d660632,207c28f1-2d25-4f6c-b3d2-1ba2a18c51de,317ba074-e7bf-4c7a-a6e3-da71b1e7cbf2,74b4cc18-9fb3-4796-b718-2d0fa4f84fb4,7caea3e2-194c-4876-be8f-60b1a4743d21,09ea7635-dfee-4722-ad40-23c93ef03644,a37e91d0-3c82-43f3-8517-68699ee134d6,1f6ad693-a134-44f1-a0a6-71e4c0dec31a,a76a7d73-4c57-49b8-a7e8-1c5c1e3452fb,d67afc96-b9ed-4c91-9507-ffc2018c58d7,59674337-e77d-422b-967c-aa01017af7c3,b5fa51d6-4753-4b64-819c-2de16af5c057,1749841f-0569-49bb-96ce-3f9dd51b42e2,e3a8bf89-10a9-404a-8cd8-ea249c0a654e,7f100195-5faf-4746-8a2b-df2a3e57cc8b}'"
LINE 5:             WHERE pfw.person_id IN '{a5a8f573-3cee-4ccc-8a2b...
                                           ^
2024-10-09 07:58:32,084 - INFO - app_logger - Активация сервисов.
2024-10-09 07:58:32,085 - INFO - app_logger - Старт цикла
2024-10-09 07:58:32,412 - ERROR - app_logger - Ошибка при извлечении данных: syntax error at or near "'{a5a8f573-3cee-4ccc-8a2b-91cb9f55250a,26e83050-29ef-4163-a99d-b546cac208f8,5b4bf1bc-3397-4e83-9b17-8b10c6544ed1,b5d2b63a-ed1f-4e46-8320-cf52a32be358,e039eedf-4daf-452a-bf92-a0085c68e156,1989ed1e-0c0b-4872-9dfb-f5ed13c764e2,ed149438-4d76-45c9-861b-d3ed48ccbf0c,3217bc91-bcfc-44eb-a609-82d228115c50,efdd1787-8871-4aa9-b1d7-f68e55b913ed,3214cf58-8dbf-40ab-9185-77213933507e,a1758395-9578-41af-88b8-3f9456e6d938,cec00f0e-200b-4b48-9ed1-2f8fc3c67427,2d6f6284-13ce-4d25-9453-c4335432c116,979996d5-ef97-427d-a0f5-d640cd1813a4,39abe5bd-33b3-44e8-8c12-2e360e2fa621,69b02c62-a329-414d-83c6-ca54be34de24,c777f646-dae0-466f-867a-bc535a0b021b,62df10e8-244d-4c31-b396-564dfbc2f9c5,7214e401-bb43-4da2-9e7a-cd6ca31ee8ca,8c220eeb-8022-44d5-8435-1f8edf258ac7,ef1e2ad4-df4f-4fe0-8fa9-b8db690c4a19,9b58c99a-e5a3-4f24-8f67-a038665758d6,82b7dffe-6254-4598-b6ef-5be747193946,6960e2ca-889f-41f5-b728-1e7313e54d6c,9f38323f-5912-40d2-a90c-b56899746f2a,8a34f121-7ce6-4021-b467-abec993fc6cd,5a3d0299-2df2-4070-9fda-65ff4dfa863c,959d148c-022b-427f-a68b-bbe58674fe65,b66db341-5dcd-4aaf-b536-050b59979357,7026c3f4-d7b8-414a-99d5-06de1788a0ee,189f1d17-c928-492a-aa33-2212b5ad1555,06d3686f-56e0-40df-81ea-af95a203b58a,6d9a226f-85ca-4270-9f26-7d1b1cc7b444,5bd4381f-5763-474f-baa0-f7f62a0819f9,e0dd7338-b686-465c-93da-c9b2c57d46bb,ccb3418a-d3e2-4878-a355-6f720211f39f,ac44d92b-7de3-4274-908f-0173e6ba310b,c59c5caf-5ca9-430e-bde5-f5141de25cb6,6e2f9652-460b-4c6a-b527-5c05b40965fe,dbac6947-e620-4f92-b6a1-dae9a3b07422,4a416628-4a36-431c-9121-513674dae840,afa7c253-6702-47d7-a451-cf2bc9350310,cdf3ace6-802d-4620-b875-809e6318a493,26e020b4-98d9-4c78-b85a-0570eb19d9bc,5623ae85-91ff-44f1-b46d-21c9d1d0d7f6,5c360057-c51f-4376-bdf5-049b87fa853b,39276c87-27ec-42f3-a573-e0184fc463a7,dd0d82d8-1c95-4bb9-b9c6-d707773aa4db,7fb9ae3d-aeac-40a9-aa25-cd6992be16a6,2b0f84fb-416b-4c30-80db-69478bf872be,f24f3fa4-2e42-4dde-be8c-2aba541a593b,e31f6518-6f0a-4738-a224-211eb4150e13,5ac68e18-a84c-4a98-a2ba-85d1bc85e0a4,e259d88e-b693-436a-9fed-a10204b8fd91,77789b44-e734-4fa6-91e8-212a09fa4a32,e52627f7-a659-476a-b415-e58e6bebe824,fe2b0699-b5ac-437a-9a69-e747b11eb641,33eb3b88-69f2-4f38-a26d-ff32f1feb1a1,a2c091a2-281e-4732-9357-79b213d8d92f,ce06e6d7-600b-4829-badf-5d02c61f1a92,c69da9bd-eb87-4a06-be70-95d4ee2da1cc,01377f6d-9767-48ce-9e37-3c81f8a3c739,7a852205-2bf6-4b75-b3b2-8a46ed6e91ef,8856053e-8a4f-42e1-bb27-6ab8fd664518,2cf03687-ebc3-47dc-a99f-602f6cc55f7a,698522c6-f8e9-403a-8922-9d320dec5753,5bddea2c-8609-499a-a444-77e0142743c0,88a99b4d-4d06-4754-b06c-93217cf53244,d67d5cb8-4541-4b20-89be-4100ba95e615,382da5d5-135b-4b02-a069-ba9beb5f3786,57a471b1-09dc-48fd-ba8a-1211015a0110,972c86a5-16f4-432b-b9b3-54965291ddb0,fc9f27d2-aaee-46e6-b263-40ec8d2dd355,c883c2c6-d7a4-4001-8084-e2851904e91a,58411ec0-c40a-43da-95e3-0adc74b7e7f6,24b5b1fb-9931-4964-a0d2-ce664c00c1d5,9758b894-57d7-465d-b657-c5803dd5b7f7,836bb95b-6db8-4418-a110-f41663b1c025,807ce9c3-6294-485c-803a-1975066f239f,035c4793-4864-45b8-8d4f-b86b454c60b0,b670fa3e-9f7b-4786-a00c-09d95f1e7b5c,bd2a8ab8-a7bc-45cf-852b-d23cb1cf4b5d,43bb73ff-0f0e-4169-b708-32a77dc1c50e,3f123595-ecfb-4740-a1c5-ceab9fc21c23,861a3116-7f75-4b7c-b1a1-5efd4936589c,7dd18bd5-6748-4f6d-8919-c4eb5d660632,207c28f1-2d25-4f6c-b3d2-1ba2a18c51de,317ba074-e7bf-4c7a-a6e3-da71b1e7cbf2,74b4cc18-9fb3-4796-b718-2d0fa4f84fb4,7caea3e2-194c-4876-be8f-60b1a4743d21,09ea7635-dfee-4722-ad40-23c93ef03644,a37e91d0-3c82-43f3-8517-68699ee134d6,1f6ad693-a134-44f1-a0a6-71e4c0dec31a,a76a7d73-4c57-49b8-a7e8-1c5c1e3452fb,d67afc96-b9ed-4c91-9507-ffc2018c58d7,59674337-e77d-422b-967c-aa01017af7c3,b5fa51d6-4753-4b64-819c-2de16af5c057,1749841f-0569-49bb-96ce-3f9dd51b42e2,e3a8bf89-10a9-404a-8cd8-ea249c0a654e,7f100195-5faf-4746-8a2b-df2a3e57cc8b}'"
LINE 5:             WHERE pfw.person_id IN '{a5a8f573-3cee-4ccc-8a2b...
                                           ^
2024-10-09 07:58:35,190 - INFO - app_logger - Активация сервисов.
2024-10-09 07:58:35,191 - INFO - app_logger - Старт цикла
2024-10-09 07:58:35,527 - ERROR - app_logger - Ошибка при извлечении данных: syntax error at or near "'{a5a8f573-3cee-4ccc-8a2b-91cb9f55250a,26e83050-29ef-4163-a99d-b546cac208f8,5b4bf1bc-3397-4e83-9b17-8b10c6544ed1,b5d2b63a-ed1f-4e46-8320-cf52a32be358,e039eedf-4daf-452a-bf92-a0085c68e156,1989ed1e-0c0b-4872-9dfb-f5ed13c764e2,ed149438-4d76-45c9-861b-d3ed48ccbf0c,3217bc91-bcfc-44eb-a609-82d228115c50,efdd1787-8871-4aa9-b1d7-f68e55b913ed,3214cf58-8dbf-40ab-9185-77213933507e,a1758395-9578-41af-88b8-3f9456e6d938,cec00f0e-200b-4b48-9ed1-2f8fc3c67427,2d6f6284-13ce-4d25-9453-c4335432c116,979996d5-ef97-427d-a0f5-d640cd1813a4,39abe5bd-33b3-44e8-8c12-2e360e2fa621,69b02c62-a329-414d-83c6-ca54be34de24,c777f646-dae0-466f-867a-bc535a0b021b,62df10e8-244d-4c31-b396-564dfbc2f9c5,7214e401-bb43-4da2-9e7a-cd6ca31ee8ca,8c220eeb-8022-44d5-8435-1f8edf258ac7,ef1e2ad4-df4f-4fe0-8fa9-b8db690c4a19,9b58c99a-e5a3-4f24-8f67-a038665758d6,82b7dffe-6254-4598-b6ef-5be747193946,6960e2ca-889f-41f5-b728-1e7313e54d6c,9f38323f-5912-40d2-a90c-b56899746f2a,8a34f121-7ce6-4021-b467-abec993fc6cd,5a3d0299-2df2-4070-9fda-65ff4dfa863c,959d148c-022b-427f-a68b-bbe58674fe65,b66db341-5dcd-4aaf-b536-050b59979357,7026c3f4-d7b8-414a-99d5-06de1788a0ee,189f1d17-c928-492a-aa33-2212b5ad1555,06d3686f-56e0-40df-81ea-af95a203b58a,6d9a226f-85ca-4270-9f26-7d1b1cc7b444,5bd4381f-5763-474f-baa0-f7f62a0819f9,e0dd7338-b686-465c-93da-c9b2c57d46bb,ccb3418a-d3e2-4878-a355-6f720211f39f,ac44d92b-7de3-4274-908f-0173e6ba310b,c59c5caf-5ca9-430e-bde5-f5141de25cb6,6e2f9652-460b-4c6a-b527-5c05b40965fe,dbac6947-e620-4f92-b6a1-dae9a3b07422,4a416628-4a36-431c-9121-513674dae840,afa7c253-6702-47d7-a451-cf2bc9350310,cdf3ace6-802d-4620-b875-809e6318a493,26e020b4-98d9-4c78-b85a-0570eb19d9bc,5623ae85-91ff-44f1-b46d-21c9d1d0d7f6,5c360057-c51f-4376-bdf5-049b87fa853b,39276c87-27ec-42f3-a573-e0184fc463a7,dd0d82d8-1c95-4bb9-b9c6-d707773aa4db,7fb9ae3d-aeac-40a9-aa25-cd6992be16a6,2b0f84fb-416b-4c30-80db-69478bf872be,f24f3fa4-2e42-4dde-be8c-2aba541a593b,e31f6518-6f0a-4738-a224-211eb4150e13,5ac68e18-a84c-4a98-a2ba-85d1bc85e0a4,e259d88e-b693-436a-9fed-a10204b8fd91,77789b44-e734-4fa6-91e8-212a09fa4a32,e52627f7-a659-476a-b415-e58e6bebe824,fe2b0699-b5ac-437a-9a69-e747b11eb641,33eb3b88-69f2-4f38-a26d-ff32f1feb1a1,a2c091a2-281e-4732-9357-79b213d8d92f,ce06e6d7-600b-4829-badf-5d02c61f1a92,c69da9bd-eb87-4a06-be70-95d4ee2da1cc,01377f6d-9767-48ce-9e37-3c81f8a3c739,7a852205-2bf6-4b75-b3b2-8a46ed6e91ef,8856053e-8a4f-42e1-bb27-6ab8fd664518,2cf03687-ebc3-47dc-a99f-602f6cc55f7a,698522c6-f8e9-403a-8922-9d320dec5753,5bddea2c-8609-499a-a444-77e0142743c0,88a99b4d-4d06-4754-b06c-93217cf53244,d67d5cb8-4541-4b20-89be-4100ba95e615,382da5d5-135b-4b02-a069-ba9beb5f3786,57a471b1-09dc-48fd-ba8a-1211015a0110,972c86a5-16f4-432b-b9b3-54965291ddb0,fc9f27d2-aaee-46e6-b263-40ec8d2dd355,c883c2c6-d7a4-4001-8084-e2851904e91a,58411ec0-c40a-43da-95e3-0adc74b7e7f6,24b5b1fb-9931-4964-a0d2-ce664c00c1d5,9758b894-57d7-465d-b657-c5803dd5b7f7,836bb95b-6db8-4418-a110-f41663b1c025,807ce9c3-6294-485c-803a-1975066f239f,035c4793-4864-45b8-8d4f-b86b454c60b0,b670fa3e-9f7b-4786-a00c-09d95f1e7b5c,bd2a8ab8-a7bc-45cf-852b-d23cb1cf4b5d,43bb73ff-0f0e-4169-b708-32a77dc1c50e,3f123595-ecfb-4740-a1c5-ceab9fc21c23,861a3116-7f75-4b7c-b1a1-5efd4936589c,7dd18bd5-6748-4f6d-8919-c4eb5d660632,207c28f1-2d25-4f6c-b3d2-1ba2a18c51de,317ba074-e7bf-4c7a-a6e3-da71b1e7cbf2,74b4cc18-9fb3-4796-b718-2d0fa4f84fb4,7caea3e2-194c-4876-be8f-60b1a4743d21,09ea7635-dfee-4722-ad40-23c93ef03644,a37e91d0-3c82-43f3-8517-68699ee134d6,1f6ad693-a134-44f1-a0a6-71e4c0dec31a,a76a7d73-4c57-49b8-a7e8-1c5c1e3452fb,d67afc96-b9ed-4c91-9507-ffc2018c58d7,59674337-e77d-422b-967c-aa01017af7c3,b5fa51d6-4753-4b64-819c-2de16af5c057,1749841f-0569-49bb-96ce-3f9dd51b42e2,e3a8bf89-10a9-404a-8cd8-ea249c0a654e,7f100195-5faf-4746-8a2b-df2a3e57cc8b}'"
LINE 5:             WHERE pfw.person_id IN '{a5a8f573-3cee-4ccc-8a2b...
                                           ^
2024-10-09 08:04:30,195 - INFO - app_logger - Активация сервисов.
2024-10-09 08:04:30,195 - INFO - app_logger - Старт цикла
2024-10-09 08:04:30,198 - ERROR - app_logger - error connection failed: FATAL:  database "theatre" does not exist
2024-10-09 08:04:32,621 - INFO - app_logger - Активация сервисов.
2024-10-09 08:04:32,622 - INFO - app_logger - Старт цикла
2024-10-09 08:04:32,941 - ERROR - app_logger - Ошибка при извлечении данных: syntax error at or near "'a5a8f573-3cee-4ccc-8a2b-91cb9f55250a'"
LINE 5:             WHERE pfw.person_id IN 'a5a8f573-3cee-4ccc-8a2b-...
                                           ^
2024-10-09 08:04:35,132 - INFO - app_logger - Активация сервисов.
2024-10-09 08:04:35,132 - INFO - app_logger - Старт цикла
2024-10-09 08:04:35,443 - ERROR - app_logger - Ошибка при извлечении данных: syntax error at or near "'a5a8f573-3cee-4ccc-8a2b-91cb9f55250a'"
LINE 5:             WHERE pfw.person_id IN 'a5a8f573-3cee-4ccc-8a2b-...
                                           ^
2024-10-09 08:04:37,464 - INFO - app_logger - Активация сервисов.
2024-10-09 08:04:37,465 - INFO - app_logger - Старт цикла
2024-10-09 08:04:37,790 - ERROR - app_logger - Ошибка при извлечении данных: syntax error at or near "'a5a8f573-3cee-4ccc-8a2b-91cb9f55250a'"
LINE 5:             WHERE pfw.person_id IN 'a5a8f573-3cee-4ccc-8a2b-...
                                           ^
2024-10-09 08:07:10,042 - INFO - app_logger - Активация сервисов.
2024-10-09 08:07:10,043 - INFO - app_logger - Старт цикла
2024-10-09 08:07:10,045 - ERROR - app_logger - error connection failed: FATAL:  database "theatre" does not exist
2024-10-09 08:07:12,482 - INFO - app_logger - Активация сервисов.
2024-10-09 08:07:12,483 - INFO - app_logger - Старт цикла
2024-10-09 08:07:14,557 - INFO - app_logger - Активация сервисов.
2024-10-09 08:07:14,558 - INFO - app_logger - Старт цикла
2024-10-09 08:07:16,596 - INFO - app_logger - Активация сервисов.
2024-10-09 08:07:16,597 - INFO - app_logger - Старт цикла
2024-10-09 08:07:19,049 - INFO - app_logger - Активация сервисов.
2024-10-09 08:07:19,050 - INFO - app_logger - Старт цикла
2024-10-09 08:07:22,071 - INFO - app_logger - Активация сервисов.
2024-10-09 08:07:22,071 - INFO - app_logger - Старт цикла
2024-10-09 08:10:28,579 - INFO - app_logger - Активация сервисов.
2024-10-09 08:10:28,580 - INFO - app_logger - Старт цикла
2024-10-09 08:10:28,580 - INFO - app_logger - table='person', len(final_list)=0
2024-10-09 08:10:30,984 - INFO - app_logger - Активация сервисов.
2024-10-09 08:10:30,984 - INFO - app_logger - Старт цикла
2024-10-09 08:10:30,985 - INFO - app_logger - table='person', len(final_list)=0
2024-10-09 08:10:31,049 - ERROR - app_logger - Ошибка при извлечении данных: cannot adapt type 'generator' using placeholder '%t' (format: TEXT)
2024-10-09 08:10:31,307 - INFO - app_logger - table='genre', len(final_list)=999
2024-10-09 08:10:31,315 - ERROR - app_logger - Ошибка при извлечении данных: cannot adapt type 'generator' using placeholder '%t' (format: TEXT)
2024-10-09 08:10:31,560 - INFO - app_logger - table='film_work', len(final_list)=999
2024-10-09 08:10:31,788 - INFO - app_logger - Данные извлечены.
2024-10-09 08:10:31,811 - INFO - app_logger - Данные преобразованы.
2024-10-09 08:10:31,825 - ERROR - app_logger - error Connection error caused by: ConnectionError(Connection error caused by: NewConnectionError(<urllib3.connection.HTTPConnection object at 0x7fa500cc52b0>: Failed to establish a new connection: [Errno 111] Connection refused))
2024-10-09 08:10:32,029 - ERROR - app_logger - error Connection error caused by: ConnectionError(Connection error caused by: NewConnectionError(<urllib3.connection.HTTPConnection object at 0x7fa500d8dd60>: Failed to establish a new connection: [Errno 111] Connection refused))
2024-10-09 08:10:32,334 - ERROR - app_logger - error Connection error caused by: ConnectionError(Connection error caused by: NewConnectionError(<urllib3.connection.HTTPConnection object at 0x7fa500e5c3b0>: Failed to establish a new connection: [Errno 111] Connection refused))
2024-10-09 08:10:32,338 - ERROR - app_logger - error Connection error caused by: ConnectionError(Connection error caused by: NewConnectionError(<urllib3.connection.HTTPConnection object at 0x7fa500b8eab0>: Failed to establish a new connection: [Errno 111] Connection refused))
2024-10-09 08:10:32,442 - ERROR - app_logger - error Connection error caused by: ConnectionError(Connection error caused by: NewConnectionError(<urllib3.connection.HTTPConnection object at 0x7fa500d8e6c0>: Failed to establish a new connection: [Errno 111] Connection refused))
2024-10-09 08:10:33,048 - ERROR - app_logger - error Connection error caused by: ConnectionError(Connection error caused by: NewConnectionError(<urllib3.connection.HTTPConnection object at 0x7fa5003e5d60>: Failed to establish a new connection: [Errno 111] Connection refused))
2024-10-09 08:10:33,752 - ERROR - app_logger - error Connection error caused by: ConnectionError(Connection error caused by: NewConnectionError(<urllib3.connection.HTTPConnection object at 0x7fa500d8f620>: Failed to establish a new connection: [Errno 111] Connection refused))
2024-10-09 08:10:34,156 - ERROR - app_logger - error Connection error caused by: ConnectionError(Connection error caused by: NewConnectionError(<urllib3.connection.HTTPConnection object at 0x7fa500e4d310>: Failed to establish a new connection: [Errno 111] Connection refused))
2024-10-09 08:10:34,660 - ERROR - app_logger - error Connection error caused by: ConnectionError(Connection error caused by: NewConnectionError(<urllib3.connection.HTTPConnection object at 0x7fa501e1f200>: Failed to establish a new connection: [Errno 111] Connection refused))
2024-10-09 08:10:35,665 - ERROR - app_logger - error Connection error caused by: ConnectionError(Connection error caused by: NewConnectionError(<urllib3.connection.HTTPConnection object at 0x7fa5011545f0>: Failed to establish a new connection: [Errno 111] Connection refused))
2024-10-09 08:10:36,769 - ERROR - app_logger - error Connection error caused by: ConnectionError(Connection error caused by: NewConnectionError(<urllib3.connection.HTTPConnection object at 0x7fa500c6c4a0>: Failed to establish a new connection: [Errno 111] Connection refused))
2024-10-09 08:10:39,323 - INFO - app_logger - Данные загружены в ElasticSearch.
2024-10-09 08:11:39,325 - INFO - app_logger - table='person', len(final_list)=0
2024-10-09 08:11:39,342 - INFO - app_logger - table='genre', len(final_list)=0
2024-10-09 08:11:39,353 - INFO - app_logger - table='film_work', len(final_list)=0
2024-10-09 08:11:39,361 - INFO - app_logger - Данные извлечены.
2024-10-09 08:11:39,366 - INFO - app_logger - Данные преобразованы.
2024-10-09 08:11:39,372 - INFO - app_logger - Данные загружены в ElasticSearch.
